#
# There is insufficient memory for the Java Runtime Environment to continue.
# Native memory allocation (malloc) failed to allocate 1045776 bytes for Chunk::new
# Possible reasons:
#   The system is out of physical RAM or swap space
#   The process is running with CompressedOops enabled, and the Java Heap may be blocking the growth of the native heap
# Possible solutions:
#   Reduce memory load on the system
#   Increase physical memory or swap space
#   Check if swap backing store is full
#   Decrease Java heap size (-Xmx/-Xms)
#   Decrease number of Java threads
#   Decrease Java thread stack sizes (-Xss)
#   Set larger code cache with -XX:ReservedCodeCacheSize=
#   JVM is running with Unscaled Compressed Oops mode in which the Java heap is
#     placed in the first 4GB address space. The Java Heap base address is the
#     maximum limit for the native heap growth. Please use -XX:HeapBaseMinAddress
#     to set the Java Heap base and to place the Java Heap above 4GB virtual address.
# This output file may be truncated or incomplete.
#
#  Out of Memory Error (./open/src/hotspot/share/memory/arena.cpp:197), pid=17868, tid=12448
#
# JRE version: Java(TM) SE Runtime Environment 18.9 (11.0.18+9) (build 11.0.18+9-LTS-195)
# Java VM: Java HotSpot(TM) 64-Bit Server VM 18.9 (11.0.18+9-LTS-195, mixed mode, tiered, compressed oops, g1 gc, windows-amd64)
# No core dump will be written. Minidumps are not enabled by default on client versions of Windows
#

---------------  S U M M A R Y ------------

Command Line: -XX:MaxMetaspaceSize=512m --add-opens=java.base/java.util=ALL-UNNAMED --add-opens=java.base/java.lang=ALL-UNNAMED --add-opens=java.base/java.lang.invoke=ALL-UNNAMED --add-opens=java.prefs/java.util.prefs=ALL-UNNAMED --add-opens=java.base/java.nio.charset=ALL-UNNAMED --add-opens=java.base/java.net=ALL-UNNAMED --add-opens=java.base/java.util.concurrent.atomic=ALL-UNNAMED -Xmx2048m -Dfile.encoding=windows-1252 -Duser.country=US -Duser.language=en -Duser.variant org.gradle.launcher.daemon.bootstrap.GradleDaemon 8.0.1

Host: Intel(R) Core(TM) i5-8250U CPU @ 1.60GHz, 8 cores, 15G,  Windows 10 , 64 bit Build 19041 (10.0.19041.3155)
Time: Sun Jul 23 15:02:21 2023 Pakistan Standard Time elapsed time: 42.472684 seconds (0d 0h 0m 42s)

---------------  T H R E A D  ---------------

Current thread (0x00000233fa3cf000):  JavaThread "C2 CompilerThread0" daemon [_thread_in_native, id=12448, stack(0x0000006ac1e00000,0x0000006ac1f00000)]


Current CompileTask:
C2:  42472 2591   !   4       java.net.URL::<init> (543 bytes)

Stack: [0x0000006ac1e00000,0x0000006ac1f00000]
Native frames: (J=compiled Java code, j=interpreted, Vv=VM code, C=native code)
V  [jvm.dll+0x65d8aa]
V  [jvm.dll+0x79fc1f]
V  [jvm.dll+0x7a12e9]
V  [jvm.dll+0x7a1983]
V  [jvm.dll+0x2585b5]
V  [jvm.dll+0xb284c]
V  [jvm.dll+0xb2e0c]
V  [jvm.dll+0x365ddf]
V  [jvm.dll+0x1a2414]
V  [jvm.dll+0x2114fd]
V  [jvm.dll+0x210378]
V  [jvm.dll+0x18c641]
V  [jvm.dll+0x220609]
V  [jvm.dll+0x21e92c]
V  [jvm.dll+0x763f61]
V  [jvm.dll+0x75c924]
V  [jvm.dll+0x65c755]
C  [ucrtbase.dll+0x21bb2]
C  [KERNEL32.DLL+0x17614]
C  [ntdll.dll+0x526b1]


---------------  P R O C E S S  ---------------

Threads class SMR info:
_java_thread_list=0x00000233fe52acb0, length=26, elements={
0x00000233d9ad6800, 0x00000233fa370800, 0x00000233fa373000, 0x00000233fa383000,
0x00000233fa385800, 0x00000233fa386800, 0x00000233fa3cf000, 0x00000233fa3d3800,
0x00000233fa442000, 0x00000233fa549800, 0x00000233fc017800, 0x00000233fb20a800,
0x00000233fb738800, 0x00000233fb332800, 0x00000233fb5e6800, 0x00000233fbbf3800,
0x00000233fb9ce800, 0x00000233fb337800, 0x00000233fb939800, 0x00000233fbed8800,
0x00000233fbed6800, 0x00000233fbed7800, 0x00000233fbeda000, 0x00000233fbed9000,
0x00000233fbed4800, 0x00000233fbedb000
}

Java Threads: ( => current thread )
  0x00000233d9ad6800 JavaThread "main" [_thread_blocked, id=6580, stack(0x0000006ac1100000,0x0000006ac1200000)]
  0x00000233fa370800 JavaThread "Reference Handler" daemon [_thread_blocked, id=5472, stack(0x0000006ac1800000,0x0000006ac1900000)]
  0x00000233fa373000 JavaThread "Finalizer" daemon [_thread_blocked, id=14024, stack(0x0000006ac1900000,0x0000006ac1a00000)]
  0x00000233fa383000 JavaThread "Signal Dispatcher" daemon [_thread_blocked, id=13324, stack(0x0000006ac1b00000,0x0000006ac1c00000)]
  0x00000233fa385800 JavaThread "Attach Listener" daemon [_thread_blocked, id=21216, stack(0x0000006ac1c00000,0x0000006ac1d00000)]
  0x00000233fa386800 JavaThread "Service Thread" daemon [_thread_blocked, id=13996, stack(0x0000006ac1d00000,0x0000006ac1e00000)]
=>0x00000233fa3cf000 JavaThread "C2 CompilerThread0" daemon [_thread_in_native, id=12448, stack(0x0000006ac1e00000,0x0000006ac1f00000)]
  0x00000233fa3d3800 JavaThread "C1 CompilerThread0" daemon [_thread_blocked, id=15700, stack(0x0000006ac1f00000,0x0000006ac2000000)]
  0x00000233fa442000 JavaThread "Sweeper thread" daemon [_thread_blocked, id=1412, stack(0x0000006ac2000000,0x0000006ac2100000)]
  0x00000233fa549800 JavaThread "Common-Cleaner" daemon [_thread_blocked, id=23188, stack(0x0000006ac2100000,0x0000006ac2200000)]
  0x00000233fc017800 JavaThread "Daemon health stats" [_thread_blocked, id=14140, stack(0x0000006ac2800000,0x0000006ac2900000)]
  0x00000233fb20a800 JavaThread "Incoming local TCP Connector on port 51972" [_thread_in_native, id=11956, stack(0x0000006ac2900000,0x0000006ac2a00000)]
  0x00000233fb738800 JavaThread "Daemon periodic checks" [_thread_blocked, id=17888, stack(0x0000006ac2a00000,0x0000006ac2b00000)]
  0x00000233fb332800 JavaThread "Daemon" [_thread_blocked, id=23432, stack(0x0000006ac2b00000,0x0000006ac2c00000)]
  0x00000233fb5e6800 JavaThread "Handler for socket connection from /127.0.0.1:51972 to /127.0.0.1:51973" [_thread_in_native, id=7892, stack(0x0000006ac2c00000,0x0000006ac2d00000)]
  0x00000233fbbf3800 JavaThread "Cancel handler" [_thread_blocked, id=8640, stack(0x0000006ac2d00000,0x0000006ac2e00000)]
  0x00000233fb9ce800 JavaThread "Daemon worker" [_thread_in_native, id=11576, stack(0x0000006ac2e00000,0x0000006ac2f00000)]
  0x00000233fb337800 JavaThread "Asynchronous log dispatcher for DefaultDaemonConnection: socket connection from /127.0.0.1:51972 to /127.0.0.1:51973" [_thread_blocked, id=3712, stack(0x0000006ac2f00000,0x0000006ac3000000)]
  0x00000233fb939800 JavaThread "Stdin handler" [_thread_blocked, id=14448, stack(0x0000006ac3000000,0x0000006ac3100000)]
  0x00000233fbed8800 JavaThread "Daemon client event forwarder" [_thread_blocked, id=20084, stack(0x0000006ac3100000,0x0000006ac3200000)]
  0x00000233fbed6800 JavaThread "Cache worker for journal cache (C:\Users\Shoaib Ur Rehman\.gradle\caches\journal-1)" [_thread_blocked, id=20872, stack(0x0000006ac3200000,0x0000006ac3300000)]
  0x00000233fbed7800 JavaThread "File lock request listener" [_thread_in_native, id=12488, stack(0x0000006ac3300000,0x0000006ac3400000)]
  0x00000233fbeda000 JavaThread "File lock release action executor" [_thread_blocked, id=11144, stack(0x0000006ac3400000,0x0000006ac3500000)]
  0x00000233fbed9000 JavaThread "Cache worker for file hash cache (C:\Users\Shoaib Ur Rehman\.gradle\caches\8.0.1\fileHashes)" [_thread_blocked, id=17400, stack(0x0000006ac3800000,0x0000006ac3900000)]
  0x00000233fbed4800 JavaThread "File watcher server" daemon [_thread_in_native, id=17280, stack(0x0000006ac3900000,0x0000006ac3a00000)]
  0x00000233fbedb000 JavaThread "File watcher consumer" daemon [_thread_blocked, id=14204, stack(0x0000006ac3a00000,0x0000006ac3b00000)]

Other Threads:
  0x00000233f9b43000 VMThread "VM Thread" [stack: 0x0000006ac1700000,0x0000006ac1800000] [id=1352]
  0x00000233fa570800 WatcherThread [stack: 0x0000006ac2200000,0x0000006ac2300000] [id=448]
  0x00000233d9aed800 GCTaskThread "GC Thread#0" [stack: 0x0000006ac1200000,0x0000006ac1300000] [id=12196]
  0x00000233fb53c800 GCTaskThread "GC Thread#1" [stack: 0x0000006ac2300000,0x0000006ac2400000] [id=12836]
  0x00000233fa907800 GCTaskThread "GC Thread#2" [stack: 0x0000006ac2400000,0x0000006ac2500000] [id=8260]
  0x00000233fb414000 GCTaskThread "GC Thread#3" [stack: 0x0000006ac2500000,0x0000006ac2600000] [id=8688]
  0x00000233fb33a800 GCTaskThread "GC Thread#4" [stack: 0x0000006ac2600000,0x0000006ac2700000] [id=22340]
  0x00000233fb38f800 GCTaskThread "GC Thread#5" [stack: 0x0000006ac2700000,0x0000006ac2800000] [id=21448]
  0x00000233fc5e0800 GCTaskThread "GC Thread#6" [stack: 0x0000006ac3500000,0x0000006ac3600000] [id=5604]
  0x00000233fc5e1000 GCTaskThread "GC Thread#7" [stack: 0x0000006ac3600000,0x0000006ac3700000] [id=13380]
  0x00000233d9b1f000 ConcurrentGCThread "G1 Main Marker" [stack: 0x0000006ac1300000,0x0000006ac1400000] [id=12044]
  0x00000233d9b21800 ConcurrentGCThread "G1 Conc#0" [stack: 0x0000006ac1400000,0x0000006ac1500000] [id=14864]
  0x00000233faac0800 ConcurrentGCThread "G1 Conc#1" [stack: 0x0000006ac3700000,0x0000006ac3800000] [id=16736]
  0x00000233f99cc800 ConcurrentGCThread "G1 Refine#0" [stack: 0x0000006ac1500000,0x0000006ac1600000] [id=4604]
  0x00000233f99cd800 ConcurrentGCThread "G1 Young RemSet Sampling" [stack: 0x0000006ac1600000,0x0000006ac1700000] [id=2264]

Threads with active compile tasks:
C2 CompilerThread0    42583 2591   !   4       java.net.URL::<init> (543 bytes)

VM state:not at safepoint (normal execution)

VM Mutex/Monitor currently owned by a thread: None

Heap address: 0x0000000080000000, size: 2048 MB, Compressed Oops mode: 32-bit
Narrow klass base: 0x0000000000000000, Narrow klass shift: 3
Compressed class space size: 528482304 Address: 0x0000000100000000

Heap:
 garbage-first heap   total 262144K, used 78062K [0x0000000080000000, 0x0000000100000000)
  region size 1024K, 60 young (61440K), 1 survivors (1024K)
 Metaspace       used 27554K, capacity 28254K, committed 28464K, reserved 540672K
  class space    used 3614K, capacity 3910K, committed 3968K, reserved 516096K
Heap Regions: E=young(eden), S=young(survivor), O=old, HS=humongous(starts), HC=humongous(continues), CS=collection set, F=free, A=archive, TAMS=top-at-mark-start (previous, next)
|   0|0x0000000080000000, 0x0000000080100000, 0x0000000080100000|100%|HS|  |TAMS 0x0000000080100000, 0x0000000080000000| Complete 
|   1|0x0000000080100000, 0x0000000080200000, 0x0000000080200000|100%|HC|  |TAMS 0x0000000080200000, 0x0000000080100000| Complete 
|   2|0x0000000080200000, 0x0000000080300000, 0x0000000080300000|100%|HC|  |TAMS 0x0000000080300000, 0x0000000080200000| Complete 
|   3|0x0000000080300000, 0x0000000080400000, 0x0000000080400000|100%|HC|  |TAMS 0x0000000080400000, 0x0000000080300000| Complete 
|   4|0x0000000080400000, 0x0000000080500000, 0x0000000080500000|100%| O|  |TAMS 0x0000000080500000, 0x0000000080400000| Untracked 
|   5|0x0000000080500000, 0x0000000080600000, 0x0000000080600000|100%| O|  |TAMS 0x0000000080600000, 0x0000000080500000| Untracked 
|   6|0x0000000080600000, 0x0000000080700000, 0x0000000080700000|100%| O|  |TAMS 0x00000000806fce00, 0x0000000080600000| Untracked 
|   7|0x0000000080700000, 0x0000000080800000, 0x0000000080800000|100%| O|  |TAMS 0x0000000080700000, 0x0000000080700000| Untracked 
|   8|0x0000000080800000, 0x0000000080900000, 0x0000000080900000|100%| O|  |TAMS 0x0000000080800000, 0x0000000080800000| Untracked 
|   9|0x0000000080900000, 0x0000000080a00000, 0x0000000080a00000|100%| O|  |TAMS 0x0000000080900000, 0x0000000080900000| Untracked 
|  10|0x0000000080a00000, 0x0000000080b00000, 0x0000000080b00000|100%| O|  |TAMS 0x0000000080a00000, 0x0000000080a00000| Untracked 
|  11|0x0000000080b00000, 0x0000000080c00000, 0x0000000080c00000|100%| O|  |TAMS 0x0000000080b00000, 0x0000000080b00000| Untracked 
|  12|0x0000000080c00000, 0x0000000080d00000, 0x0000000080d00000|100%| O|  |TAMS 0x0000000080c00000, 0x0000000080c00000| Untracked 
|  13|0x0000000080d00000, 0x0000000080e00000, 0x0000000080e00000|100%| O|  |TAMS 0x0000000080d00000, 0x0000000080d00000| Untracked 
|  14|0x0000000080e00000, 0x0000000080f00000, 0x0000000080f00000|100%| O|  |TAMS 0x0000000080e00000, 0x0000000080e00000| Untracked 
|  15|0x0000000080f00000, 0x0000000081000000, 0x0000000081000000|100%| O|  |TAMS 0x0000000080f00000, 0x0000000080f00000| Untracked 
|  16|0x0000000081000000, 0x0000000081100000, 0x0000000081100000|100%| O|  |TAMS 0x0000000081000000, 0x0000000081000000| Untracked 
|  17|0x0000000081100000, 0x000000008113e600, 0x0000000081200000| 24%| O|  |TAMS 0x0000000081100000, 0x0000000081100000| Untracked 
|  18|0x0000000081200000, 0x0000000081200000, 0x0000000081300000|  0%| F|  |TAMS 0x0000000081200000, 0x0000000081200000| Untracked 
|  19|0x0000000081300000, 0x0000000081300000, 0x0000000081400000|  0%| F|  |TAMS 0x0000000081300000, 0x0000000081300000| Untracked 
|  20|0x0000000081400000, 0x0000000081400000, 0x0000000081500000|  0%| F|  |TAMS 0x0000000081400000, 0x0000000081400000| Untracked 
|  21|0x0000000081500000, 0x0000000081500000, 0x0000000081600000|  0%| F|  |TAMS 0x0000000081500000, 0x0000000081500000| Untracked 
|  22|0x0000000081600000, 0x0000000081600000, 0x0000000081700000|  0%| F|  |TAMS 0x0000000081600000, 0x0000000081600000| Untracked 
|  23|0x0000000081700000, 0x0000000081700000, 0x0000000081800000|  0%| F|  |TAMS 0x0000000081700000, 0x0000000081700000| Untracked 
|  24|0x0000000081800000, 0x0000000081800000, 0x0000000081900000|  0%| F|  |TAMS 0x0000000081800000, 0x0000000081800000| Untracked 
|  25|0x0000000081900000, 0x0000000081900000, 0x0000000081a00000|  0%| F|  |TAMS 0x0000000081900000, 0x0000000081900000| Untracked 
|  26|0x0000000081a00000, 0x0000000081a00000, 0x0000000081b00000|  0%| F|  |TAMS 0x0000000081a00000, 0x0000000081a00000| Untracked 
|  27|0x0000000081b00000, 0x0000000081b00000, 0x0000000081c00000|  0%| F|  |TAMS 0x0000000081b00000, 0x0000000081b00000| Untracked 
|  28|0x0000000081c00000, 0x0000000081c00000, 0x0000000081d00000|  0%| F|  |TAMS 0x0000000081c00000, 0x0000000081c00000| Untracked 
|  29|0x0000000081d00000, 0x0000000081d00000, 0x0000000081e00000|  0%| F|  |TAMS 0x0000000081d00000, 0x0000000081d00000| Untracked 
|  30|0x0000000081e00000, 0x0000000081e00000, 0x0000000081f00000|  0%| F|  |TAMS 0x0000000081e00000, 0x0000000081e00000| Untracked 
|  31|0x0000000081f00000, 0x0000000081f00000, 0x0000000082000000|  0%| F|  |TAMS 0x0000000081f00000, 0x0000000081f00000| Untracked 
|  32|0x0000000082000000, 0x0000000082000000, 0x0000000082100000|  0%| F|  |TAMS 0x0000000082000000, 0x0000000082000000| Untracked 
|  33|0x0000000082100000, 0x0000000082100000, 0x0000000082200000|  0%| F|  |TAMS 0x0000000082100000, 0x0000000082100000| Untracked 
|  34|0x0000000082200000, 0x0000000082200000, 0x0000000082300000|  0%| F|  |TAMS 0x0000000082200000, 0x0000000082200000| Untracked 
|  35|0x0000000082300000, 0x0000000082300000, 0x0000000082400000|  0%| F|  |TAMS 0x0000000082300000, 0x0000000082300000| Untracked 
|  36|0x0000000082400000, 0x0000000082400000, 0x0000000082500000|  0%| F|  |TAMS 0x0000000082400000, 0x0000000082400000| Untracked 
|  37|0x0000000082500000, 0x0000000082500000, 0x0000000082600000|  0%| F|  |TAMS 0x0000000082500000, 0x0000000082500000| Untracked 
|  38|0x0000000082600000, 0x0000000082600000, 0x0000000082700000|  0%| F|  |TAMS 0x0000000082600000, 0x0000000082600000| Untracked 
|  39|0x0000000082700000, 0x0000000082700000, 0x0000000082800000|  0%| F|  |TAMS 0x0000000082700000, 0x0000000082700000| Untracked 
|  40|0x0000000082800000, 0x0000000082800000, 0x0000000082900000|  0%| F|  |TAMS 0x0000000082800000, 0x0000000082800000| Untracked 
|  41|0x0000000082900000, 0x0000000082900000, 0x0000000082a00000|  0%| F|  |TAMS 0x0000000082900000, 0x0000000082900000| Untracked 
|  42|0x0000000082a00000, 0x0000000082a00000, 0x0000000082b00000|  0%| F|  |TAMS 0x0000000082a00000, 0x0000000082a00000| Untracked 
|  43|0x0000000082b00000, 0x0000000082b00000, 0x0000000082c00000|  0%| F|  |TAMS 0x0000000082b00000, 0x0000000082b00000| Untracked 
|  44|0x0000000082c00000, 0x0000000082c00000, 0x0000000082d00000|  0%| F|  |TAMS 0x0000000082c00000, 0x0000000082c00000| Untracked 
|  45|0x0000000082d00000, 0x0000000082d00000, 0x0000000082e00000|  0%| F|  |TAMS 0x0000000082d00000, 0x0000000082d00000| Untracked 
|  46|0x0000000082e00000, 0x0000000082e00000, 0x0000000082f00000|  0%| F|  |TAMS 0x0000000082e00000, 0x0000000082e00000| Untracked 
|  47|0x0000000082f00000, 0x0000000082f00000, 0x0000000083000000|  0%| F|  |TAMS 0x0000000082f00000, 0x0000000082f00000| Untracked 
|  48|0x0000000083000000, 0x0000000083000000, 0x0000000083100000|  0%| F|  |TAMS 0x0000000083000000, 0x0000000083000000| Untracked 
|  49|0x0000000083100000, 0x0000000083100000, 0x0000000083200000|  0%| F|  |TAMS 0x0000000083100000, 0x0000000083100000| Untracked 
|  50|0x0000000083200000, 0x0000000083200000, 0x0000000083300000|  0%| F|  |TAMS 0x0000000083200000, 0x0000000083200000| Untracked 
|  51|0x0000000083300000, 0x0000000083300000, 0x0000000083400000|  0%| F|  |TAMS 0x0000000083300000, 0x0000000083300000| Untracked 
|  52|0x0000000083400000, 0x0000000083400000, 0x0000000083500000|  0%| F|  |TAMS 0x0000000083400000, 0x0000000083400000| Untracked 
|  53|0x0000000083500000, 0x0000000083500000, 0x0000000083600000|  0%| F|  |TAMS 0x0000000083500000, 0x0000000083500000| Untracked 
|  54|0x0000000083600000, 0x0000000083600000, 0x0000000083700000|  0%| F|  |TAMS 0x0000000083600000, 0x0000000083600000| Untracked 
|  55|0x0000000083700000, 0x0000000083700000, 0x0000000083800000|  0%| F|  |TAMS 0x0000000083700000, 0x0000000083700000| Untracked 
|  56|0x0000000083800000, 0x0000000083800000, 0x0000000083900000|  0%| F|  |TAMS 0x0000000083800000, 0x0000000083800000| Untracked 
|  57|0x0000000083900000, 0x0000000083900000, 0x0000000083a00000|  0%| F|  |TAMS 0x0000000083900000, 0x0000000083900000| Untracked 
|  58|0x0000000083a00000, 0x0000000083a00000, 0x0000000083b00000|  0%| F|  |TAMS 0x0000000083a00000, 0x0000000083a00000| Untracked 
|  59|0x0000000083b00000, 0x0000000083b00000, 0x0000000083c00000|  0%| F|  |TAMS 0x0000000083b00000, 0x0000000083b00000| Untracked 
|  60|0x0000000083c00000, 0x0000000083c00000, 0x0000000083d00000|  0%| F|  |TAMS 0x0000000083c00000, 0x0000000083c00000| Untracked 
|  61|0x0000000083d00000, 0x0000000083d00000, 0x0000000083e00000|  0%| F|  |TAMS 0x0000000083d00000, 0x0000000083d00000| Untracked 
|  62|0x0000000083e00000, 0x0000000083e00000, 0x0000000083f00000|  0%| F|  |TAMS 0x0000000083e00000, 0x0000000083e00000| Untracked 
|  63|0x0000000083f00000, 0x0000000083f00000, 0x0000000084000000|  0%| F|  |TAMS 0x0000000083f00000, 0x0000000083f00000| Untracked 
|  64|0x0000000084000000, 0x0000000084000000, 0x0000000084100000|  0%| F|  |TAMS 0x0000000084000000, 0x0000000084000000| Untracked 
|  65|0x0000000084100000, 0x0000000084100000, 0x0000000084200000|  0%| F|  |TAMS 0x0000000084100000, 0x0000000084100000| Untracked 
|  66|0x0000000084200000, 0x0000000084200000, 0x0000000084300000|  0%| F|  |TAMS 0x0000000084200000, 0x0000000084200000| Untracked 
|  67|0x0000000084300000, 0x0000000084300000, 0x0000000084400000|  0%| F|  |TAMS 0x0000000084300000, 0x0000000084300000| Untracked 
|  68|0x0000000084400000, 0x0000000084400000, 0x0000000084500000|  0%| F|  |TAMS 0x0000000084400000, 0x0000000084400000| Untracked 
|  69|0x0000000084500000, 0x0000000084500000, 0x0000000084600000|  0%| F|  |TAMS 0x0000000084500000, 0x0000000084500000| Untracked 
|  70|0x0000000084600000, 0x0000000084600000, 0x0000000084700000|  0%| F|  |TAMS 0x0000000084600000, 0x0000000084600000| Untracked 
|  71|0x0000000084700000, 0x0000000084700000, 0x0000000084800000|  0%| F|  |TAMS 0x0000000084700000, 0x0000000084700000| Untracked 
|  72|0x0000000084800000, 0x0000000084800000, 0x0000000084900000|  0%| F|  |TAMS 0x0000000084800000, 0x0000000084800000| Untracked 
|  73|0x0000000084900000, 0x0000000084900000, 0x0000000084a00000|  0%| F|  |TAMS 0x0000000084900000, 0x0000000084900000| Untracked 
|  74|0x0000000084a00000, 0x0000000084a00000, 0x0000000084b00000|  0%| F|  |TAMS 0x0000000084a00000, 0x0000000084a00000| Untracked 
|  75|0x0000000084b00000, 0x0000000084b00000, 0x0000000084c00000|  0%| F|  |TAMS 0x0000000084b00000, 0x0000000084b00000| Untracked 
|  76|0x0000000084c00000, 0x0000000084c00000, 0x0000000084d00000|  0%| F|  |TAMS 0x0000000084c00000, 0x0000000084c00000| Untracked 
|  77|0x0000000084d00000, 0x0000000084d00000, 0x0000000084e00000|  0%| F|  |TAMS 0x0000000084d00000, 0x0000000084d00000| Untracked 
|  78|0x0000000084e00000, 0x0000000084e00000, 0x0000000084f00000|  0%| F|  |TAMS 0x0000000084e00000, 0x0000000084e00000| Untracked 
|  79|0x0000000084f00000, 0x0000000084f00000, 0x0000000085000000|  0%| F|  |TAMS 0x0000000084f00000, 0x0000000084f00000| Untracked 
|  80|0x0000000085000000, 0x0000000085000000, 0x0000000085100000|  0%| F|  |TAMS 0x0000000085000000, 0x0000000085000000| Untracked 
|  81|0x0000000085100000, 0x0000000085100000, 0x0000000085200000|  0%| F|  |TAMS 0x0000000085100000, 0x0000000085100000| Untracked 
|  82|0x0000000085200000, 0x0000000085200000, 0x0000000085300000|  0%| F|  |TAMS 0x0000000085200000, 0x0000000085200000| Untracked 
|  83|0x0000000085300000, 0x0000000085300000, 0x0000000085400000|  0%| F|  |TAMS 0x0000000085300000, 0x0000000085300000| Untracked 
|  84|0x0000000085400000, 0x0000000085400000, 0x0000000085500000|  0%| F|  |TAMS 0x0000000085400000, 0x0000000085400000| Untracked 
|  85|0x0000000085500000, 0x0000000085500000, 0x0000000085600000|  0%| F|  |TAMS 0x0000000085500000, 0x0000000085500000| Untracked 
|  86|0x0000000085600000, 0x0000000085600000, 0x0000000085700000|  0%| F|  |TAMS 0x0000000085600000, 0x0000000085600000| Untracked 
|  87|0x0000000085700000, 0x0000000085700000, 0x0000000085800000|  0%| F|  |TAMS 0x0000000085700000, 0x0000000085700000| Untracked 
|  88|0x0000000085800000, 0x0000000085800000, 0x0000000085900000|  0%| F|  |TAMS 0x0000000085800000, 0x0000000085800000| Untracked 
|  89|0x0000000085900000, 0x0000000085900000, 0x0000000085a00000|  0%| F|  |TAMS 0x0000000085900000, 0x0000000085900000| Untracked 
|  90|0x0000000085a00000, 0x0000000085a00000, 0x0000000085b00000|  0%| F|  |TAMS 0x0000000085a00000, 0x0000000085a00000| Untracked 
|  91|0x0000000085b00000, 0x0000000085b00000, 0x0000000085c00000|  0%| F|  |TAMS 0x0000000085b00000, 0x0000000085b00000| Untracked 
|  92|0x0000000085c00000, 0x0000000085c00000, 0x0000000085d00000|  0%| F|  |TAMS 0x0000000085c00000, 0x0000000085c00000| Untracked 
|  93|0x0000000085d00000, 0x0000000085d00000, 0x0000000085e00000|  0%| F|  |TAMS 0x0000000085d00000, 0x0000000085d00000| Untracked 
|  94|0x0000000085e00000, 0x0000000085e00000, 0x0000000085f00000|  0%| F|  |TAMS 0x0000000085e00000, 0x0000000085e00000| Untracked 
|  95|0x0000000085f00000, 0x0000000085f00000, 0x0000000086000000|  0%| F|  |TAMS 0x0000000085f00000, 0x0000000085f00000| Untracked 
|  96|0x0000000086000000, 0x0000000086000000, 0x0000000086100000|  0%| F|  |TAMS 0x0000000086000000, 0x0000000086000000| Untracked 
|  97|0x0000000086100000, 0x0000000086100000, 0x0000000086200000|  0%| F|  |TAMS 0x0000000086100000, 0x0000000086100000| Untracked 
|  98|0x0000000086200000, 0x0000000086200000, 0x0000000086300000|  0%| F|  |TAMS 0x0000000086200000, 0x0000000086200000| Untracked 
|  99|0x0000000086300000, 0x0000000086300000, 0x0000000086400000|  0%| F|  |TAMS 0x0000000086300000, 0x0000000086300000| Untracked 
| 100|0x0000000086400000, 0x0000000086400000, 0x0000000086500000|  0%| F|  |TAMS 0x0000000086400000, 0x0000000086400000| Untracked 
| 101|0x0000000086500000, 0x0000000086500000, 0x0000000086600000|  0%| F|  |TAMS 0x0000000086500000, 0x0000000086500000| Untracked 
| 102|0x0000000086600000, 0x0000000086600000, 0x0000000086700000|  0%| F|  |TAMS 0x0000000086600000, 0x0000000086600000| Untracked 
| 103|0x0000000086700000, 0x0000000086700000, 0x0000000086800000|  0%| F|  |TAMS 0x0000000086700000, 0x0000000086700000| Untracked 
| 104|0x0000000086800000, 0x0000000086800000, 0x0000000086900000|  0%| F|  |TAMS 0x0000000086800000, 0x0000000086800000| Untracked 
| 105|0x0000000086900000, 0x0000000086900000, 0x0000000086a00000|  0%| F|  |TAMS 0x0000000086900000, 0x0000000086900000| Untracked 
| 106|0x0000000086a00000, 0x0000000086a00000, 0x0000000086b00000|  0%| F|  |TAMS 0x0000000086a00000, 0x0000000086a00000| Untracked 
| 107|0x0000000086b00000, 0x0000000086b00000, 0x0000000086c00000|  0%| F|  |TAMS 0x0000000086b00000, 0x0000000086b00000| Untracked 
| 108|0x0000000086c00000, 0x0000000086c00000, 0x0000000086d00000|  0%| F|  |TAMS 0x0000000086c00000, 0x0000000086c00000| Untracked 
| 109|0x0000000086d00000, 0x0000000086d00000, 0x0000000086e00000|  0%| F|  |TAMS 0x0000000086d00000, 0x0000000086d00000| Untracked 
| 110|0x0000000086e00000, 0x0000000086e00000, 0x0000000086f00000|  0%| F|  |TAMS 0x0000000086e00000, 0x0000000086e00000| Untracked 
| 111|0x0000000086f00000, 0x0000000086f00000, 0x0000000087000000|  0%| F|  |TAMS 0x0000000086f00000, 0x0000000086f00000| Untracked 
| 112|0x0000000087000000, 0x0000000087000000, 0x0000000087100000|  0%| F|  |TAMS 0x0000000087000000, 0x0000000087000000| Untracked 
| 113|0x0000000087100000, 0x0000000087100000, 0x0000000087200000|  0%| F|  |TAMS 0x0000000087100000, 0x0000000087100000| Untracked 
| 114|0x0000000087200000, 0x0000000087200000, 0x0000000087300000|  0%| F|  |TAMS 0x0000000087200000, 0x0000000087200000| Untracked 
| 115|0x0000000087300000, 0x0000000087300000, 0x0000000087400000|  0%| F|  |TAMS 0x0000000087300000, 0x0000000087300000| Untracked 
| 116|0x0000000087400000, 0x0000000087400000, 0x0000000087500000|  0%| F|  |TAMS 0x0000000087400000, 0x0000000087400000| Untracked 
| 117|0x0000000087500000, 0x0000000087500000, 0x0000000087600000|  0%| F|  |TAMS 0x0000000087500000, 0x0000000087500000| Untracked 
| 118|0x0000000087600000, 0x0000000087600000, 0x0000000087700000|  0%| F|  |TAMS 0x0000000087600000, 0x0000000087600000| Untracked 
| 119|0x0000000087700000, 0x0000000087700000, 0x0000000087800000|  0%| F|  |TAMS 0x0000000087700000, 0x0000000087700000| Untracked 
| 120|0x0000000087800000, 0x0000000087800000, 0x0000000087900000|  0%| F|  |TAMS 0x0000000087800000, 0x0000000087800000| Untracked 
| 121|0x0000000087900000, 0x0000000087900000, 0x0000000087a00000|  0%| F|  |TAMS 0x0000000087900000, 0x0000000087900000| Untracked 
| 122|0x0000000087a00000, 0x0000000087a00000, 0x0000000087b00000|  0%| F|  |TAMS 0x0000000087a00000, 0x0000000087a00000| Untracked 
| 123|0x0000000087b00000, 0x0000000087b00000, 0x0000000087c00000|  0%| F|  |TAMS 0x0000000087b00000, 0x0000000087b00000| Untracked 
| 124|0x0000000087c00000, 0x0000000087c00000, 0x0000000087d00000|  0%| F|  |TAMS 0x0000000087c00000, 0x0000000087c00000| Untracked 
| 125|0x0000000087d00000, 0x0000000087d00000, 0x0000000087e00000|  0%| F|  |TAMS 0x0000000087d00000, 0x0000000087d00000| Untracked 
| 126|0x0000000087e00000, 0x0000000087e00000, 0x0000000087f00000|  0%| F|  |TAMS 0x0000000087e00000, 0x0000000087e00000| Untracked 
| 127|0x0000000087f00000, 0x0000000087f00000, 0x0000000088000000|  0%| F|  |TAMS 0x0000000087f00000, 0x0000000087f00000| Untracked 
| 128|0x0000000088000000, 0x0000000088000000, 0x0000000088100000|  0%| F|  |TAMS 0x0000000088000000, 0x0000000088000000| Untracked 
| 129|0x0000000088100000, 0x0000000088100000, 0x0000000088200000|  0%| F|  |TAMS 0x0000000088100000, 0x0000000088100000| Untracked 
| 130|0x0000000088200000, 0x0000000088200000, 0x0000000088300000|  0%| F|  |TAMS 0x0000000088200000, 0x0000000088200000| Untracked 
| 131|0x0000000088300000, 0x0000000088300000, 0x0000000088400000|  0%| F|  |TAMS 0x0000000088300000, 0x0000000088300000| Untracked 
| 132|0x0000000088400000, 0x0000000088400000, 0x0000000088500000|  0%| F|  |TAMS 0x0000000088400000, 0x0000000088400000| Untracked 
| 133|0x0000000088500000, 0x0000000088500000, 0x0000000088600000|  0%| F|  |TAMS 0x0000000088500000, 0x0000000088500000| Untracked 
| 134|0x0000000088600000, 0x0000000088600000, 0x0000000088700000|  0%| F|  |TAMS 0x0000000088600000, 0x0000000088600000| Untracked 
| 135|0x0000000088700000, 0x0000000088700000, 0x0000000088800000|  0%| F|  |TAMS 0x0000000088700000, 0x0000000088700000| Untracked 
| 136|0x0000000088800000, 0x0000000088800000, 0x0000000088900000|  0%| F|  |TAMS 0x0000000088800000, 0x0000000088800000| Untracked 
| 137|0x0000000088900000, 0x0000000088900000, 0x0000000088a00000|  0%| F|  |TAMS 0x0000000088900000, 0x0000000088900000| Untracked 
| 138|0x0000000088a00000, 0x0000000088a00000, 0x0000000088b00000|  0%| F|  |TAMS 0x0000000088a00000, 0x0000000088a00000| Untracked 
| 139|0x0000000088b00000, 0x0000000088b00000, 0x0000000088c00000|  0%| F|  |TAMS 0x0000000088b00000, 0x0000000088b00000| Untracked 
| 140|0x0000000088c00000, 0x0000000088c00000, 0x0000000088d00000|  0%| F|  |TAMS 0x0000000088c00000, 0x0000000088c00000| Untracked 
| 141|0x0000000088d00000, 0x0000000088d00000, 0x0000000088e00000|  0%| F|  |TAMS 0x0000000088d00000, 0x0000000088d00000| Untracked 
| 142|0x0000000088e00000, 0x0000000088e00000, 0x0000000088f00000|  0%| F|  |TAMS 0x0000000088e00000, 0x0000000088e00000| Untracked 
| 143|0x0000000088f00000, 0x0000000088f00000, 0x0000000089000000|  0%| F|  |TAMS 0x0000000088f00000, 0x0000000088f00000| Untracked 
| 144|0x0000000089000000, 0x0000000089000000, 0x0000000089100000|  0%| F|  |TAMS 0x0000000089000000, 0x0000000089000000| Untracked 
| 145|0x0000000089100000, 0x0000000089100000, 0x0000000089200000|  0%| F|  |TAMS 0x0000000089100000, 0x0000000089100000| Untracked 
| 146|0x0000000089200000, 0x0000000089200000, 0x0000000089300000|  0%| F|  |TAMS 0x0000000089200000, 0x0000000089200000| Untracked 
| 147|0x0000000089300000, 0x0000000089300000, 0x0000000089400000|  0%| F|  |TAMS 0x0000000089300000, 0x0000000089300000| Untracked 
| 148|0x0000000089400000, 0x0000000089400000, 0x0000000089500000|  0%| F|  |TAMS 0x0000000089400000, 0x0000000089400000| Untracked 
| 149|0x0000000089500000, 0x0000000089500000, 0x0000000089600000|  0%| F|  |TAMS 0x0000000089500000, 0x0000000089500000| Untracked 
| 150|0x0000000089600000, 0x0000000089600000, 0x0000000089700000|  0%| F|  |TAMS 0x0000000089600000, 0x0000000089600000| Untracked 
| 151|0x0000000089700000, 0x0000000089700000, 0x0000000089800000|  0%| F|  |TAMS 0x0000000089700000, 0x0000000089700000| Untracked 
| 152|0x0000000089800000, 0x0000000089800000, 0x0000000089900000|  0%| F|  |TAMS 0x0000000089800000, 0x0000000089800000| Untracked 
| 153|0x0000000089900000, 0x0000000089900000, 0x0000000089a00000|  0%| F|  |TAMS 0x0000000089900000, 0x0000000089900000| Untracked 
| 154|0x0000000089a00000, 0x0000000089a00000, 0x0000000089b00000|  0%| F|  |TAMS 0x0000000089a00000, 0x0000000089a00000| Untracked 
| 155|0x0000000089b00000, 0x0000000089b00000, 0x0000000089c00000|  0%| F|  |TAMS 0x0000000089b00000, 0x0000000089b00000| Untracked 
| 156|0x0000000089c00000, 0x0000000089c00000, 0x0000000089d00000|  0%| F|  |TAMS 0x0000000089c00000, 0x0000000089c00000| Untracked 
| 157|0x0000000089d00000, 0x0000000089d00000, 0x0000000089e00000|  0%| F|  |TAMS 0x0000000089d00000, 0x0000000089d00000| Untracked 
| 158|0x0000000089e00000, 0x0000000089e00000, 0x0000000089f00000|  0%| F|  |TAMS 0x0000000089e00000, 0x0000000089e00000| Untracked 
| 159|0x0000000089f00000, 0x0000000089f00000, 0x000000008a000000|  0%| F|  |TAMS 0x0000000089f00000, 0x0000000089f00000| Untracked 
| 160|0x000000008a000000, 0x000000008a000000, 0x000000008a100000|  0%| F|  |TAMS 0x000000008a000000, 0x000000008a000000| Untracked 
| 161|0x000000008a100000, 0x000000008a100000, 0x000000008a200000|  0%| F|  |TAMS 0x000000008a100000, 0x000000008a100000| Untracked 
| 162|0x000000008a200000, 0x000000008a200000, 0x000000008a300000|  0%| F|  |TAMS 0x000000008a200000, 0x000000008a200000| Untracked 
| 163|0x000000008a300000, 0x000000008a300000, 0x000000008a400000|  0%| F|  |TAMS 0x000000008a300000, 0x000000008a300000| Untracked 
| 164|0x000000008a400000, 0x000000008a400000, 0x000000008a500000|  0%| F|  |TAMS 0x000000008a400000, 0x000000008a400000| Untracked 
| 165|0x000000008a500000, 0x000000008a500000, 0x000000008a600000|  0%| F|  |TAMS 0x000000008a500000, 0x000000008a500000| Untracked 
| 166|0x000000008a600000, 0x000000008a600000, 0x000000008a700000|  0%| F|  |TAMS 0x000000008a600000, 0x000000008a600000| Untracked 
| 167|0x000000008a700000, 0x000000008a700000, 0x000000008a800000|  0%| F|  |TAMS 0x000000008a700000, 0x000000008a700000| Untracked 
| 168|0x000000008a800000, 0x000000008a800000, 0x000000008a900000|  0%| F|  |TAMS 0x000000008a800000, 0x000000008a800000| Untracked 
| 169|0x000000008a900000, 0x000000008a900000, 0x000000008aa00000|  0%| F|  |TAMS 0x000000008a900000, 0x000000008a900000| Untracked 
| 170|0x000000008aa00000, 0x000000008aa00000, 0x000000008ab00000|  0%| F|  |TAMS 0x000000008aa00000, 0x000000008aa00000| Untracked 
| 171|0x000000008ab00000, 0x000000008ab00000, 0x000000008ac00000|  0%| F|  |TAMS 0x000000008ab00000, 0x000000008ab00000| Untracked 
| 172|0x000000008ac00000, 0x000000008ac00000, 0x000000008ad00000|  0%| F|  |TAMS 0x000000008ac00000, 0x000000008ac00000| Untracked 
| 173|0x000000008ad00000, 0x000000008ad00000, 0x000000008ae00000|  0%| F|  |TAMS 0x000000008ad00000, 0x000000008ad00000| Untracked 
| 174|0x000000008ae00000, 0x000000008ae00000, 0x000000008af00000|  0%| F|  |TAMS 0x000000008ae00000, 0x000000008ae00000| Untracked 
| 175|0x000000008af00000, 0x000000008af00000, 0x000000008b000000|  0%| F|  |TAMS 0x000000008af00000, 0x000000008af00000| Untracked 
| 176|0x000000008b000000, 0x000000008b000000, 0x000000008b100000|  0%| F|  |TAMS 0x000000008b000000, 0x000000008b000000| Untracked 
| 177|0x000000008b100000, 0x000000008b100000, 0x000000008b200000|  0%| F|  |TAMS 0x000000008b100000, 0x000000008b100000| Untracked 
| 178|0x000000008b200000, 0x000000008b200000, 0x000000008b300000|  0%| F|  |TAMS 0x000000008b200000, 0x000000008b200000| Untracked 
| 179|0x000000008b300000, 0x000000008b300000, 0x000000008b400000|  0%| F|  |TAMS 0x000000008b300000, 0x000000008b300000| Untracked 
| 180|0x000000008b400000, 0x000000008b400000, 0x000000008b500000|  0%| F|  |TAMS 0x000000008b400000, 0x000000008b400000| Untracked 
| 181|0x000000008b500000, 0x000000008b500000, 0x000000008b600000|  0%| F|  |TAMS 0x000000008b500000, 0x000000008b500000| Untracked 
| 182|0x000000008b600000, 0x000000008b600000, 0x000000008b700000|  0%| F|  |TAMS 0x000000008b600000, 0x000000008b600000| Untracked 
| 183|0x000000008b700000, 0x000000008b700000, 0x000000008b800000|  0%| F|  |TAMS 0x000000008b700000, 0x000000008b700000| Untracked 
| 184|0x000000008b800000, 0x000000008b800000, 0x000000008b900000|  0%| F|  |TAMS 0x000000008b800000, 0x000000008b800000| Untracked 
| 185|0x000000008b900000, 0x000000008b900000, 0x000000008ba00000|  0%| F|  |TAMS 0x000000008b900000, 0x000000008b900000| Untracked 
| 186|0x000000008ba00000, 0x000000008ba00000, 0x000000008bb00000|  0%| F|  |TAMS 0x000000008ba00000, 0x000000008ba00000| Untracked 
| 187|0x000000008bb00000, 0x000000008bb00000, 0x000000008bc00000|  0%| F|  |TAMS 0x000000008bb00000, 0x000000008bb00000| Untracked 
| 188|0x000000008bc00000, 0x000000008bc00000, 0x000000008bd00000|  0%| F|  |TAMS 0x000000008bc00000, 0x000000008bc00000| Untracked 
| 189|0x000000008bd00000, 0x000000008bd00000, 0x000000008be00000|  0%| F|  |TAMS 0x000000008bd00000, 0x000000008bd00000| Untracked 
| 190|0x000000008be00000, 0x000000008be00000, 0x000000008bf00000|  0%| F|  |TAMS 0x000000008be00000, 0x000000008be00000| Untracked 
| 191|0x000000008bf00000, 0x000000008bf00000, 0x000000008c000000|  0%| F|  |TAMS 0x000000008bf00000, 0x000000008bf00000| Untracked 
| 192|0x000000008c000000, 0x000000008c000000, 0x000000008c100000|  0%| F|  |TAMS 0x000000008c000000, 0x000000008c000000| Untracked 
| 193|0x000000008c100000, 0x000000008c100000, 0x000000008c200000|  0%| F|  |TAMS 0x000000008c100000, 0x000000008c100000| Untracked 
| 194|0x000000008c200000, 0x000000008c200000, 0x000000008c300000|  0%| F|  |TAMS 0x000000008c200000, 0x000000008c200000| Untracked 
| 195|0x000000008c300000, 0x000000008c300000, 0x000000008c400000|  0%| F|  |TAMS 0x000000008c300000, 0x000000008c300000| Untracked 
| 196|0x000000008c400000, 0x000000008c500000, 0x000000008c500000|100%| E|  |TAMS 0x000000008c400000, 0x000000008c400000| Complete 
| 197|0x000000008c500000, 0x000000008c600000, 0x000000008c600000|100%| E|CS|TAMS 0x000000008c500000, 0x000000008c500000| Complete 
| 198|0x000000008c600000, 0x000000008c700000, 0x000000008c700000|100%| E|CS|TAMS 0x000000008c600000, 0x000000008c600000| Complete 
| 199|0x000000008c700000, 0x000000008c800000, 0x000000008c800000|100%| E|CS|TAMS 0x000000008c700000, 0x000000008c700000| Complete 
| 200|0x000000008c800000, 0x000000008c900000, 0x000000008c900000|100%| E|CS|TAMS 0x000000008c800000, 0x000000008c800000| Complete 
| 201|0x000000008c900000, 0x000000008ca00000, 0x000000008ca00000|100%| E|CS|TAMS 0x000000008c900000, 0x000000008c900000| Complete 
| 202|0x000000008ca00000, 0x000000008cb00000, 0x000000008cb00000|100%| E|CS|TAMS 0x000000008ca00000, 0x000000008ca00000| Complete 
| 203|0x000000008cb00000, 0x000000008cc00000, 0x000000008cc00000|100%| E|CS|TAMS 0x000000008cb00000, 0x000000008cb00000| Complete 
| 204|0x000000008cc00000, 0x000000008cd00000, 0x000000008cd00000|100%| E|CS|TAMS 0x000000008cc00000, 0x000000008cc00000| Complete 
| 205|0x000000008cd00000, 0x000000008ce00000, 0x000000008ce00000|100%| E|CS|TAMS 0x000000008cd00000, 0x000000008cd00000| Complete 
| 206|0x000000008ce00000, 0x000000008cf00000, 0x000000008cf00000|100%| E|CS|TAMS 0x000000008ce00000, 0x000000008ce00000| Complete 
| 207|0x000000008cf00000, 0x000000008d000000, 0x000000008d000000|100%| E|CS|TAMS 0x000000008cf00000, 0x000000008cf00000| Complete 
| 208|0x000000008d000000, 0x000000008d100000, 0x000000008d100000|100%| E|CS|TAMS 0x000000008d000000, 0x000000008d000000| Complete 
| 209|0x000000008d100000, 0x000000008d200000, 0x000000008d200000|100%| E|CS|TAMS 0x000000008d100000, 0x000000008d100000| Complete 
| 210|0x000000008d200000, 0x000000008d300000, 0x000000008d300000|100%| E|CS|TAMS 0x000000008d200000, 0x000000008d200000| Complete 
| 211|0x000000008d300000, 0x000000008d400000, 0x000000008d400000|100%| E|CS|TAMS 0x000000008d300000, 0x000000008d300000| Complete 
| 212|0x000000008d400000, 0x000000008d500000, 0x000000008d500000|100%| E|CS|TAMS 0x000000008d400000, 0x000000008d400000| Complete 
| 213|0x000000008d500000, 0x000000008d600000, 0x000000008d600000|100%| E|CS|TAMS 0x000000008d500000, 0x000000008d500000| Complete 
| 214|0x000000008d600000, 0x000000008d700000, 0x000000008d700000|100%| E|CS|TAMS 0x000000008d600000, 0x000000008d600000| Complete 
| 215|0x000000008d700000, 0x000000008d800000, 0x000000008d800000|100%| E|CS|TAMS 0x000000008d700000, 0x000000008d700000| Complete 
| 216|0x000000008d800000, 0x000000008d900000, 0x000000008d900000|100%| E|CS|TAMS 0x000000008d800000, 0x000000008d800000| Complete 
| 217|0x000000008d900000, 0x000000008da00000, 0x000000008da00000|100%| E|CS|TAMS 0x000000008d900000, 0x000000008d900000| Complete 
| 218|0x000000008da00000, 0x000000008db00000, 0x000000008db00000|100%| E|CS|TAMS 0x000000008da00000, 0x000000008da00000| Complete 
| 219|0x000000008db00000, 0x000000008dc00000, 0x000000008dc00000|100%| E|CS|TAMS 0x000000008db00000, 0x000000008db00000| Complete 
| 220|0x000000008dc00000, 0x000000008dd00000, 0x000000008dd00000|100%| E|CS|TAMS 0x000000008dc00000, 0x000000008dc00000| Complete 
| 221|0x000000008dd00000, 0x000000008de00000, 0x000000008de00000|100%| E|CS|TAMS 0x000000008dd00000, 0x000000008dd00000| Complete 
| 222|0x000000008de00000, 0x000000008df00000, 0x000000008df00000|100%| E|CS|TAMS 0x000000008de00000, 0x000000008de00000| Complete 
| 223|0x000000008df00000, 0x000000008e000000, 0x000000008e000000|100%| E|CS|TAMS 0x000000008df00000, 0x000000008df00000| Complete 
| 224|0x000000008e000000, 0x000000008e100000, 0x000000008e100000|100%| E|CS|TAMS 0x000000008e000000, 0x000000008e000000| Complete 
| 225|0x000000008e100000, 0x000000008e200000, 0x000000008e200000|100%| E|CS|TAMS 0x000000008e100000, 0x000000008e100000| Complete 
| 226|0x000000008e200000, 0x000000008e300000, 0x000000008e300000|100%| E|CS|TAMS 0x000000008e200000, 0x000000008e200000| Complete 
| 227|0x000000008e300000, 0x000000008e400000, 0x000000008e400000|100%| E|CS|TAMS 0x000000008e300000, 0x000000008e300000| Complete 
| 228|0x000000008e400000, 0x000000008e500000, 0x000000008e500000|100%| E|CS|TAMS 0x000000008e400000, 0x000000008e400000| Complete 
| 229|0x000000008e500000, 0x000000008e600000, 0x000000008e600000|100%| E|CS|TAMS 0x000000008e500000, 0x000000008e500000| Complete 
| 230|0x000000008e600000, 0x000000008e700000, 0x000000008e700000|100%| E|CS|TAMS 0x000000008e600000, 0x000000008e600000| Complete 
| 231|0x000000008e700000, 0x000000008e800000, 0x000000008e800000|100%| E|CS|TAMS 0x000000008e700000, 0x000000008e700000| Complete 
| 232|0x000000008e800000, 0x000000008e900000, 0x000000008e900000|100%| E|CS|TAMS 0x000000008e800000, 0x000000008e800000| Complete 
| 233|0x000000008e900000, 0x000000008ea00000, 0x000000008ea00000|100%| E|CS|TAMS 0x000000008e900000, 0x000000008e900000| Complete 
| 234|0x000000008ea00000, 0x000000008eb00000, 0x000000008eb00000|100%| E|CS|TAMS 0x000000008ea00000, 0x000000008ea00000| Complete 
| 235|0x000000008eb00000, 0x000000008ec00000, 0x000000008ec00000|100%| E|CS|TAMS 0x000000008eb00000, 0x000000008eb00000| Complete 
| 236|0x000000008ec00000, 0x000000008ed00000, 0x000000008ed00000|100%| E|CS|TAMS 0x000000008ec00000, 0x000000008ec00000| Complete 
| 237|0x000000008ed00000, 0x000000008ee00000, 0x000000008ee00000|100%| E|CS|TAMS 0x000000008ed00000, 0x000000008ed00000| Complete 
| 238|0x000000008ee00000, 0x000000008ef00000, 0x000000008ef00000|100%| E|CS|TAMS 0x000000008ee00000, 0x000000008ee00000| Complete 
| 239|0x000000008ef00000, 0x000000008f000000, 0x000000008f000000|100%| E|CS|TAMS 0x000000008ef00000, 0x000000008ef00000| Complete 
| 240|0x000000008f000000, 0x000000008f100000, 0x000000008f100000|100%| E|CS|TAMS 0x000000008f000000, 0x000000008f000000| Complete 
| 241|0x000000008f100000, 0x000000008f200000, 0x000000008f200000|100%| E|CS|TAMS 0x000000008f100000, 0x000000008f100000| Complete 
| 242|0x000000008f200000, 0x000000008f300000, 0x000000008f300000|100%| E|CS|TAMS 0x000000008f200000, 0x000000008f200000| Complete 
| 243|0x000000008f300000, 0x000000008f3fd2d8, 0x000000008f400000| 98%| S|CS|TAMS 0x000000008f300000, 0x000000008f300000| Complete 
| 244|0x000000008f400000, 0x000000008f500000, 0x000000008f500000|100%| E|CS|TAMS 0x000000008f400000, 0x000000008f400000| Complete 
| 245|0x000000008f500000, 0x000000008f600000, 0x000000008f600000|100%| E|CS|TAMS 0x000000008f500000, 0x000000008f500000| Complete 
| 246|0x000000008f600000, 0x000000008f700000, 0x000000008f700000|100%| E|CS|TAMS 0x000000008f600000, 0x000000008f600000| Complete 
| 247|0x000000008f700000, 0x000000008f800000, 0x000000008f800000|100%| E|CS|TAMS 0x000000008f700000, 0x000000008f700000| Complete 
| 248|0x000000008f800000, 0x000000008f900000, 0x000000008f900000|100%| E|CS|TAMS 0x000000008f800000, 0x000000008f800000| Complete 
| 249|0x000000008f900000, 0x000000008fa00000, 0x000000008fa00000|100%| E|CS|TAMS 0x000000008f900000, 0x000000008f900000| Complete 
| 250|0x000000008fa00000, 0x000000008fb00000, 0x000000008fb00000|100%| E|CS|TAMS 0x000000008fa00000, 0x000000008fa00000| Complete 
| 251|0x000000008fb00000, 0x000000008fc00000, 0x000000008fc00000|100%| E|CS|TAMS 0x000000008fb00000, 0x000000008fb00000| Complete 
| 252|0x000000008fc00000, 0x000000008fd00000, 0x000000008fd00000|100%| E|CS|TAMS 0x000000008fc00000, 0x000000008fc00000| Complete 
| 253|0x000000008fd00000, 0x000000008fe00000, 0x000000008fe00000|100%| E|CS|TAMS 0x000000008fd00000, 0x000000008fd00000| Complete 
| 254|0x000000008fe00000, 0x000000008ff00000, 0x000000008ff00000|100%| E|CS|TAMS 0x000000008fe00000, 0x000000008fe00000| Complete 
| 255|0x000000008ff00000, 0x0000000090000000, 0x0000000090000000|100%| E|CS|TAMS 0x000000008ff00000, 0x000000008ff00000| Complete 

Card table byte_map: [0x00000233f2830000,0x00000233f2c30000] _byte_map_base: 0x00000233f2430000

Marking Bits (Prev, Next): (CMBitMap*) 0x00000233d9b162d0, (CMBitMap*) 0x00000233d9b16298
 Prev Bits: [0x00000233f5030000, 0x00000233f7030000)
 Next Bits: [0x00000233f3030000, 0x00000233f5030000)

Polling page: 0x00000233d9bb0000

Metaspace:

Usage:
  Non-class:     23.77 MB capacity,    23.38 MB ( 98%) used,   344.63 KB (  1%) free+waste,    59.94 KB ( <1%) overhead. 
      Class:      3.82 MB capacity,     3.53 MB ( 92%) used,   264.11 KB (  7%) free+waste,    31.19 KB ( <1%) overhead. 
       Both:     27.59 MB capacity,    26.91 MB ( 98%) used,   608.74 KB (  2%) free+waste,    91.12 KB ( <1%) overhead. 

Virtual space:
  Non-class space:       24.00 MB reserved,      23.92 MB (>99%) committed 
      Class space:      504.00 MB reserved,       3.88 MB ( <1%) committed 
             Both:      528.00 MB reserved,      27.80 MB (  5%) committed 

Chunk freelists:
   Non-Class:  3.00 KB
       Class:  3.25 KB
        Both:  6.25 KB

CodeHeap 'non-profiled nmethods': size=120000Kb used=1227Kb max_used=1227Kb free=118772Kb
 bounds [0x00000233ea4a0000, 0x00000233ea710000, 0x00000233f19d0000]
CodeHeap 'profiled nmethods': size=120000Kb used=5571Kb max_used=5571Kb free=114428Kb
 bounds [0x00000233e2f70000, 0x00000233e34f0000, 0x00000233ea4a0000]
CodeHeap 'non-nmethods': size=5760Kb used=1168Kb max_used=1202Kb free=4591Kb
 bounds [0x00000233e29d0000, 0x00000233e2c40000, 0x00000233e2f70000]
 total_blobs=3103 nmethods=2592 adapters=422
 compilation: enabled
              stopped_count=0, restarted_count=0
 full_count=0

Compilation events (10 events):
Event: 42.345 Thread 0x00000233fa3d3800 2597       3       java.util.concurrent.locks.AbstractQueuedSynchronizer::compareAndSetTail (10 bytes)
Event: 42.346 Thread 0x00000233fa3d3800 nmethod 2597 0x00000233e34de890 code [0x00000233e34deb00, 0x00000233e34df5b8]
Event: 42.346 Thread 0x00000233fa3d3800 2598       3       java.util.concurrent.locks.AbstractQueuedSynchronizer::setHead (16 bytes)
Event: 42.347 Thread 0x00000233fa3d3800 nmethod 2598 0x00000233e34df990 code [0x00000233e34dfb40, 0x00000233e34dfd78]
Event: 42.384 Thread 0x00000233fa3d3800 2601       3       java.lang.invoke.LambdaForm::editor (5 bytes)
Event: 42.385 Thread 0x00000233fa3d3800 nmethod 2601 0x00000233e34dfe90 code [0x00000233e34e0060, 0x00000233e34e0388]
Event: 42.385 Thread 0x00000233fa3d3800 2602       3       java.lang.invoke.LambdaFormEditor::lambdaFormEditor (12 bytes)
Event: 42.385 Thread 0x00000233fa3d3800 nmethod 2602 0x00000233e34e0510 code [0x00000233e34e06c0, 0x00000233e34e0968]
Event: 42.385 Thread 0x00000233fa3d3800 2603       3       java.lang.invoke.LambdaFormEditor$Transform::inRange (36 bytes)
Event: 42.386 Thread 0x00000233fa3d3800 nmethod 2603 0x00000233e34e0a90 code [0x00000233e34e0c20, 0x00000233e34e0d78]

GC Heap History (6 events):
Event: 8.682 GC heap before
{Heap before GC invocations=0 (full 0):
 garbage-first heap   total 262144K, used 27648K [0x0000000080000000, 0x0000000100000000)
  region size 1024K, 24 young (24576K), 0 survivors (0K)
 Metaspace       used 9628K, capacity 9839K, committed 10112K, reserved 526336K
  class space    used 993K, capacity 1069K, committed 1152K, reserved 516096K
}
Event: 8.728 GC heap after
{Heap after GC invocations=1 (full 0):
 garbage-first heap   total 262144K, used 10227K [0x0000000080000000, 0x0000000100000000)
  region size 1024K, 3 young (3072K), 3 survivors (3072K)
 Metaspace       used 9628K, capacity 9839K, committed 10112K, reserved 526336K
  class space    used 993K, capacity 1069K, committed 1152K, reserved 516096K
}
Event: 34.109 GC heap before
{Heap before GC invocations=1 (full 0):
 garbage-first heap   total 262144K, used 105459K [0x0000000080000000, 0x0000000100000000)
  region size 1024K, 97 young (99328K), 3 survivors (3072K)
 Metaspace       used 20773K, capacity 21238K, committed 21296K, reserved 536576K
  class space    used 2512K, capacity 2688K, committed 2688K, reserved 516096K
}
Event: 34.182 GC heap after
{Heap after GC invocations=2 (full 0):
 garbage-first heap   total 262144K, used 18163K [0x0000000080000000, 0x0000000100000000)
  region size 1024K, 11 young (11264K), 11 survivors (11264K)
 Metaspace       used 20773K, capacity 21238K, committed 21296K, reserved 536576K
  class space    used 2512K, capacity 2688K, committed 2688K, reserved 516096K
}
Event: 35.109 GC heap before
{Heap before GC invocations=3 (full 0):
 garbage-first heap   total 262144K, used 30451K [0x0000000080000000, 0x0000000100000000)
  region size 1024K, 23 young (23552K), 11 survivors (11264K)
 Metaspace       used 21832K, capacity 22196K, committed 22576K, reserved 536576K
  class space    used 2699K, capacity 2857K, committed 2944K, reserved 516096K
}
Event: 35.125 GC heap after
{Heap after GC invocations=4 (full 0):
 garbage-first heap   total 262144K, used 18670K [0x0000000080000000, 0x0000000100000000)
  region size 1024K, 1 young (1024K), 1 survivors (1024K)
 Metaspace       used 21832K, capacity 22196K, committed 22576K, reserved 536576K
  class space    used 2699K, capacity 2857K, committed 2944K, reserved 516096K
}

Deoptimization events (10 events):
Event: 34.330 Thread 0x00000233fb9ce800 Uncommon trap: reason=unstable_if action=reinterpret pc=0x00000233ea4bcdb0 method=java.io.WinNTFileSystem.resolve(Ljava/lang/String;Ljava/lang/String;)Ljava/lang/String; @ 19 c2
Event: 34.331 Thread 0x00000233fb9ce800 Uncommon trap: reason=bimorphic_or_optimized_type_check action=maybe_recompile pc=0x00000233ea51dc24 method=java.util.AbstractList$Itr.hasNext()Z @ 8 c2
Event: 34.331 Thread 0x00000233fb9ce800 Uncommon trap: reason=bimorphic_or_optimized_type_check action=maybe_recompile pc=0x00000233ea51dfb4 method=java.util.AbstractList$Itr.next()Ljava/lang/Object; @ 14 c2
Event: 34.333 Thread 0x00000233fb9ce800 Uncommon trap: reason=unstable_if action=reinterpret pc=0x00000233ea51ac04 method=java.io.File.getName()Ljava/lang/String; @ 16 c2
Event: 34.333 Thread 0x00000233fb9ce800 Uncommon trap: reason=unstable_if action=reinterpret pc=0x00000233ea518814 method=java.lang.String.substring(I)Ljava/lang/String; @ 34 c2
Event: 34.567 Thread 0x00000233fb9ce800 Uncommon trap: reason=intrinsic_or_type_checked_inlining action=make_not_entrant pc=0x00000233ea58f558 method=java.util.Arrays.copyOf([Ljava/lang/Object;ILjava/lang/Class;)[Ljava/lang/Object; @ 35 c2
Event: 38.345 Thread 0x00000233fb9ce800 Uncommon trap: reason=unstable_if action=reinterpret pc=0x00000233ea4c51f4 method=java.util.HashMap.hash(Ljava/lang/Object;)I @ 1 c2
Event: 38.549 Thread 0x00000233fb9ce800 Uncommon trap: reason=unstable_if action=reinterpret pc=0x00000233ea52af9c method=sun.nio.cs.UTF_8$Decoder.decodeArrayLoop(Ljava/nio/ByteBuffer;Ljava/nio/CharBuffer;)Ljava/nio/charset/CoderResult; @ 110 c2
Event: 40.161 Thread 0x00000233fb9ce800 Uncommon trap: reason=predicate action=maybe_recompile pc=0x00000233ea5bfc0c method=com.google.common.base.CharMatcher.indexIn(Ljava/lang/CharSequence;I)I @ 19 c2
Event: 41.250 Thread 0x00000233fb9ce800 Uncommon trap: reason=unstable_if action=reinterpret pc=0x00000233ea5306cc method=java.net.URI.quote(Ljava/lang/String;JJ)Ljava/lang/String; @ 183 c2

Classes redefined (0 events):
No events

Internal exceptions (10 events):
Event: 35.524 Thread 0x00000233fb9ce800 Exception <a 'java/lang/IncompatibleClassChangeError'{0x000000008fddda50}: Found class java.lang.Object, but interface was expected> (0x000000008fddda50) thrown at [./open/src/hotspot/share/interpreter/linkResolver.cpp, line 838]
Event: 37.282 Thread 0x00000233fb9ce800 Exception <a 'java/lang/NoSuchMethodError'{0x000000008ea14730}: java.lang.invoke.DirectMethodHandle$Holder.invokeVirtual(Ljava/lang/Object;Ljava/lang/Object;Ljava/lang/Object;Ljava/lang/Object;)Ljava/lang/Object;> (0x000000008ea14730) thrown at [./open/sr
Event: 37.519 Thread 0x00000233fb9ce800 Exception <a 'java/lang/NoSuchMethodError'{0x000000008e8d7df0}: java.lang.invoke.Invokers$Holder.linkToTargetMethod(Ljava/lang/Object;Ljava/lang/Object;Ljava/lang/Object;Ljava/lang/Object;Ljava/lang/Object;Ljava/lang/Object;Ljava/lang/Object;)Ljava/lang/O
Event: 37.762 Thread 0x00000233fb9ce800 Exception <a 'java/lang/NoSuchMethodError'{0x000000008e678118}: java.lang.invoke.DirectMethodHandle$Holder.invokeVirtual(Ljava/lang/Object;Ljava/lang/Object;Ljava/lang/Object;Ljava/lang/Object;Ljava/lang/Object;Ljava/lang/Object;Ljava/lang/Object;Ljava/la
Event: 38.307 Thread 0x00000233fb9ce800 Exception <a 'java/lang/NoSuchMethodError'{0x000000008df1f7d0}: java.lang.invoke.DirectMethodHandle$Holder.invokeStatic(Ljava/lang/Object;Ljava/lang/Object;Ljava/lang/Object;Ljava/lang/Object;Ljava/lang/Object;)V> (0x000000008df1f7d0) thrown at [./open/sr
Event: 38.345 Thread 0x00000233fb9ce800 Implicit null exception at 0x00000233ea4c5158 to 0x00000233ea4c51ea
Event: 40.708 Thread 0x00000233fb9ce800 Exception <a 'java/lang/NoSuchMethodError'{0x000000008d2d0618}: java.lang.invoke.DirectMethodHandle$Holder.invokeStatic(Ljava/lang/Object;Ljava/lang/Object;Ljava/lang/Object;Ljava/lang/Object;)V> (0x000000008d2d0618) thrown at [./open/src/hotspot/share/in
Event: 40.732 Thread 0x00000233fb9ce800 Exception <a 'java/lang/NoSuchMethodError'{0x000000008d2eeac8}: java.lang.invoke.DirectMethodHandle$Holder.invokeVirtual(Ljava/lang/Object;Ljava/lang/Object;)I> (0x000000008d2eeac8) thrown at [./open/src/hotspot/share/interpreter/linkResolver.cpp, line 77
Event: 40.837 Thread 0x00000233fb9ce800 Exception <a 'java/lang/NoSuchMethodError'{0x000000008d11eea8}: java.lang.invoke.DirectMethodHandle$Holder.invokeVirtual(Ljava/lang/Object;Ljava/lang/Object;Ljava/lang/Object;)I> (0x000000008d11eea8) thrown at [./open/src/hotspot/share/interpreter/linkRes
Event: 41.250 Thread 0x00000233fb9ce800 Implicit null exception at 0x00000233ea52f905 to 0x00000233ea5306b3

Events (10 events):
Event: 42.454 loading class org/gradle/api/internal/artifacts/ivyservice/ivyresolve/strategy/CachingVersionSelectorScheme
Event: 42.454 loading class org/gradle/api/internal/artifacts/ivyservice/ivyresolve/strategy/CachingVersionSelectorScheme done
Event: 42.456 loading class org/gradle/vcs/internal/resolver/PersistentVcsMetadataCache$VersionRefSerializer
Event: 42.456 loading class org/gradle/vcs/internal/resolver/PersistentVcsMetadataCache$VersionRefSerializer done
Event: 42.459 loading class org/gradle/vcs/internal/VersionRef
Event: 42.459 loading class org/gradle/vcs/internal/VersionRef done
Event: 42.463 Thread 0x00000233fb9ce800 DEOPT PACKING pc=0x00000233e333ccc8 sp=0x0000006ac2ef74a0
Event: 42.463 Thread 0x00000233fb9ce800 DEOPT UNPACKING pc=0x00000233e29f6dde sp=0x0000006ac2ef69a8 mode 0
Event: 42.464 loading class org/gradle/vcs/internal/resolver/DefaultVcsVersionWorkingDirResolver
Event: 42.464 loading class org/gradle/vcs/internal/resolver/DefaultVcsVersionWorkingDirResolver done


Dynamic libraries:
0x00007ff7381e0000 - 0x00007ff7381f0000 	C:\Program Files\Java\jdk-11\bin\java.exe
0x00007ffe30bd0000 - 0x00007ffe30dc8000 	C:\Windows\SYSTEM32\ntdll.dll
0x00007ffe30320000 - 0x00007ffe303df000 	C:\Windows\System32\KERNEL32.DLL
0x00007ffe2e7a0000 - 0x00007ffe2ea96000 	C:\Windows\System32\KERNELBASE.dll
0x00007ffe2e390000 - 0x00007ffe2e490000 	C:\Windows\System32\ucrtbase.dll
0x00007ffdf3900000 - 0x00007ffdf3918000 	C:\Program Files\Java\jdk-11\bin\jli.dll
0x00007ffe30780000 - 0x00007ffe3082f000 	C:\Windows\System32\ADVAPI32.dll
0x00007ffe2ed80000 - 0x00007ffe2ee1e000 	C:\Windows\System32\msvcrt.dll
0x00007ffe303e0000 - 0x00007ffe3047c000 	C:\Windows\System32\sechost.dll
0x00007ffe2f290000 - 0x00007ffe2f3b6000 	C:\Windows\System32\RPCRT4.dll
0x00007ffe2f3c0000 - 0x00007ffe2f55d000 	C:\Windows\System32\USER32.dll
0x00007ffe2e770000 - 0x00007ffe2e792000 	C:\Windows\System32\win32u.dll
0x00007ffe2fe60000 - 0x00007ffe2fe8c000 	C:\Windows\System32\GDI32.dll
0x00007ffe2eb10000 - 0x00007ffe2ec25000 	C:\Windows\System32\gdi32full.dll
0x00007ffe2e6d0000 - 0x00007ffe2e76d000 	C:\Windows\System32\msvcp_win.dll
0x00007ffde6bd0000 - 0x00007ffde6beb000 	C:\Program Files\Java\jdk-11\bin\VCRUNTIME140.dll
0x00007ffe16fd0000 - 0x00007ffe1726a000 	C:\Windows\WinSxS\amd64_microsoft.windows.common-controls_6595b64144ccf1df_6.0.19041.1110_none_60b5254171f9507e\COMCTL32.dll
0x00007ffe26ee0000 - 0x00007ffe26eea000 	C:\Windows\SYSTEM32\VERSION.dll
0x00007ffe30480000 - 0x00007ffe304b0000 	C:\Windows\System32\IMM32.DLL
0x00007ffe06430000 - 0x00007ffe0643c000 	C:\Program Files\Java\jdk-11\bin\vcruntime140_1.dll
0x00007ffdced60000 - 0x00007ffdcedee000 	C:\Program Files\Java\jdk-11\bin\msvcp140.dll
0x00007ffda81d0000 - 0x00007ffda8d38000 	C:\Program Files\Java\jdk-11\bin\server\jvm.dll
0x00007ffe2fe90000 - 0x00007ffe2fe98000 	C:\Windows\System32\PSAPI.DLL
0x00007ffe21aa0000 - 0x00007ffe21aa9000 	C:\Windows\SYSTEM32\WSOCK32.dll
0x00007ffe30710000 - 0x00007ffe3077b000 	C:\Windows\System32\WS2_32.dll
0x00007ffe16df0000 - 0x00007ffe16e17000 	C:\Windows\SYSTEM32\WINMM.dll
0x00007ffe2caf0000 - 0x00007ffe2cb02000 	C:\Windows\SYSTEM32\kernel.appcore.dll
0x00007ffe01cb0000 - 0x00007ffe01cc0000 	C:\Program Files\Java\jdk-11\bin\verify.dll
0x00007ffe2c050000 - 0x00007ffe2c234000 	C:\Windows\SYSTEM32\DBGHELP.DLL
0x00007ffe19cc0000 - 0x00007ffe19cf4000 	C:\Windows\SYSTEM32\dbgcore.DLL
0x00007ffe2e300000 - 0x00007ffe2e382000 	C:\Windows\System32\bcryptPrimitives.dll
0x00007ffdd5e40000 - 0x00007ffdd5e68000 	C:\Program Files\Java\jdk-11\bin\java.dll
0x00007ffe01190000 - 0x00007ffe0119a000 	C:\Program Files\Java\jdk-11\bin\jimage.dll
0x00007ffde26f0000 - 0x00007ffde2707000 	C:\Program Files\Java\jdk-11\bin\zip.dll
0x00007ffe2f560000 - 0x00007ffe2fca4000 	C:\Windows\System32\SHELL32.dll
0x00007ffe2c340000 - 0x00007ffe2cad4000 	C:\Windows\SYSTEM32\windows.storage.dll
0x00007ffe30830000 - 0x00007ffe30b84000 	C:\Windows\System32\combase.dll
0x00007ffe2dcf0000 - 0x00007ffe2dd1e000 	C:\Windows\SYSTEM32\Wldp.dll
0x00007ffe301b0000 - 0x00007ffe3025d000 	C:\Windows\System32\SHCORE.dll
0x00007ffe305e0000 - 0x00007ffe30635000 	C:\Windows\System32\shlwapi.dll
0x00007ffe2e1e0000 - 0x00007ffe2e205000 	C:\Windows\SYSTEM32\profapi.dll
0x00007ffddc710000 - 0x00007ffddc729000 	C:\Program Files\Java\jdk-11\bin\net.dll
0x00007ffe23240000 - 0x00007ffe2334a000 	C:\Windows\SYSTEM32\WINHTTP.dll
0x00007ffe2da50000 - 0x00007ffe2daba000 	C:\Windows\system32\mswsock.dll
0x00007ffdd5e20000 - 0x00007ffdd5e32000 	C:\Program Files\Java\jdk-11\bin\nio.dll
0x00007ffdd5df0000 - 0x00007ffdd5e17000 	C:\Users\Shoaib Ur Rehman\.gradle\native\68d5fa5c4cc2d200863cafc0d521ce42e7d3e7ee720ec0a83991735586a16f82\windows-amd64\native-platform.dll
0x00007ffdc3f90000 - 0x00007ffdc40d4000 	C:\Users\Shoaib Ur Rehman\.gradle\native\e376f236ea51e6404a007f0833ffe2c6e607c4080706a723a18a27aeea778392\windows-amd64\native-platform-file-events.dll
0x00007ffdff4a0000 - 0x00007ffdff4a9000 	C:\Program Files\Java\jdk-11\bin\management.dll
0x00007ffdfe060000 - 0x00007ffdfe06b000 	C:\Program Files\Java\jdk-11\bin\management_ext.dll
0x00007ffe2dc40000 - 0x00007ffe2dc58000 	C:\Windows\SYSTEM32\CRYPTSP.dll
0x00007ffe2d300000 - 0x00007ffe2d334000 	C:\Windows\system32\rsaenh.dll
0x00007ffe2e490000 - 0x00007ffe2e4b7000 	C:\Windows\System32\bcrypt.dll
0x00007ffe2e1a0000 - 0x00007ffe2e1ce000 	C:\Windows\SYSTEM32\USERENV.dll
0x00007ffe2dc60000 - 0x00007ffe2dc6c000 	C:\Windows\SYSTEM32\CRYPTBASE.dll
0x00007ffe2d6f0000 - 0x00007ffe2d72c000 	C:\Windows\SYSTEM32\IPHLPAPI.DLL
0x00007ffe30060000 - 0x00007ffe30068000 	C:\Windows\System32\NSI.dll
0x00007ffe23c20000 - 0x00007ffe23c37000 	C:\Windows\SYSTEM32\dhcpcsvc6.DLL
0x00007ffe24520000 - 0x00007ffe2453d000 	C:\Windows\SYSTEM32\dhcpcsvc.DLL
0x00007ffe2d740000 - 0x00007ffe2d80a000 	C:\Windows\SYSTEM32\DNSAPI.dll

dbghelp: loaded successfully - version: 4.0.5 - missing functions: none
symbol engine: initialized successfully - sym options: 0x614 - pdb path: .;C:\Program Files\Java\jdk-11\bin;C:\Windows\SYSTEM32;C:\Windows\WinSxS\amd64_microsoft.windows.common-controls_6595b64144ccf1df_6.0.19041.1110_none_60b5254171f9507e;C:\Program Files\Java\jdk-11\bin\server;C:\Users\Shoaib Ur Rehman\.gradle\native\68d5fa5c4cc2d200863cafc0d521ce42e7d3e7ee720ec0a83991735586a16f82\windows-amd64;C:\Users\Shoaib Ur Rehman\.gradle\native\e376f236ea51e6404a007f0833ffe2c6e607c4080706a723a18a27aeea778392\windows-amd64

VM Arguments:
jvm_args: -XX:MaxMetaspaceSize=512m --add-opens=java.base/java.util=ALL-UNNAMED --add-opens=java.base/java.lang=ALL-UNNAMED --add-opens=java.base/java.lang.invoke=ALL-UNNAMED --add-opens=java.prefs/java.util.prefs=ALL-UNNAMED --add-opens=java.base/java.nio.charset=ALL-UNNAMED --add-opens=java.base/java.net=ALL-UNNAMED --add-opens=java.base/java.util.concurrent.atomic=ALL-UNNAMED -Xmx2048m -Dfile.encoding=windows-1252 -Duser.country=US -Duser.language=en -Duser.variant 
java_command: org.gradle.launcher.daemon.bootstrap.GradleDaemon 8.0.1
java_class_path (initial): C:\Users\Shoaib Ur Rehman\.gradle\wrapper\dists\gradle-8.0.1-all\aro4hu1c3oeioove7l0i4i14o\gradle-8.0.1\lib\gradle-launcher-8.0.1.jar
Launcher Type: SUN_STANDARD

[Global flags]
     intx CICompilerCount                          = 4                                         {product} {ergonomic}
   size_t CompressedClassSpaceSize                 = 528482304                                 {product} {ergonomic}
     uint ConcGCThreads                            = 2                                         {product} {ergonomic}
     uint G1ConcRefinementThreads                  = 8                                         {product} {ergonomic}
   size_t G1HeapRegionSize                         = 1048576                                   {product} {ergonomic}
    uintx GCDrainStackTargetSize                   = 64                                        {product} {ergonomic}
   size_t InitialHeapSize                          = 268435456                                 {product} {ergonomic}
   size_t MarkStackSize                            = 4194304                                   {product} {ergonomic}
   size_t MaxHeapSize                              = 2147483648                                {product} {command line}
   size_t MaxMetaspaceSize                         = 536870912                                 {product} {command line}
   size_t MaxNewSize                               = 1287651328                                {product} {ergonomic}
   size_t MinHeapDeltaBytes                        = 1048576                                   {product} {ergonomic}
    uintx NonNMethodCodeHeapSize                   = 5836300                                {pd product} {ergonomic}
    uintx NonProfiledCodeHeapSize                  = 122910970                              {pd product} {ergonomic}
    uintx ProfiledCodeHeapSize                     = 122910970                              {pd product} {ergonomic}
    uintx ReservedCodeCacheSize                    = 251658240                              {pd product} {ergonomic}
     bool SegmentedCodeCache                       = true                                      {product} {ergonomic}
     bool UseCompressedClassPointers               = true                                 {lp64_product} {ergonomic}
     bool UseCompressedOops                        = true                                 {lp64_product} {ergonomic}
     bool UseG1GC                                  = true                                      {product} {ergonomic}
     bool UseLargePagesIndividualAllocation        = false                                  {pd product} {ergonomic}

Logging:
Log output configuration:
 #0: stdout all=warning uptime,level,tags
 #1: stderr all=off uptime,level,tags

Environment Variables:
JAVA_HOME=C:\Program Files\Java\jdk-11
CLASSPATH=D:\ShoaibDev\MobileProjects\Backup\WebbeeHackathon\android\\gradle\wrapper\gradle-wrapper.jar
PATH=D:\ShoaibDev\MobileProjects\Backup\WebbeeHackathon\node_modules\.bin;D:\ShoaibDev\MobileProjects\Backup\WebbeeHackathon\node_modules\.bin;D:\ShoaibDev\MobileProjects\Backup\node_modules\.bin;D:\ShoaibDev\MobileProjects\node_modules\.bin;D:\ShoaibDev\node_modules\.bin;D:\node_modules\.bin;C:\Program Files\nodejs\node_modules\npm\node_modules\@npmcli\run-script\lib\node-gyp-bin;C:\Users\SHOAIB~1\AppData\Local\Temp\yarn--1690084352633-0.2508206845622103;D:\ShoaibDev\MobileProjects\Backup\WebbeeHackathon\node_modules\.bin;C:\Users\Shoaib Ur Rehman\AppData\Local\Yarn\Data\link\node_modules\.bin;C:\Program Files\libexec\lib\node_modules\npm\bin\node-gyp-bin;C:\Program Files\lib\node_modules\npm\bin\node-gyp-bin;C:\Program Files\nodejs\node_modules\npm\bin\node-gyp-bin;C:\Program Files\Common Files\Oracle\Java\javapath;C:\Windows\system32;C:\Windows;C:\Windows\System32\Wbem;C:\Windows\System32\WindowsPowerShell\v1.0\;C:\Windows\System32\OpenSSH\;C:\Program Files\nodejs\;C:\Program Files\Git\cmd;C:\Program Files (x86)\Yarn\bin\;C:\Users\Shoaib Ur Rehman\AppData\Local\Programs\Python\Python311;C:\Program Files\Java\jdk-11\bin;C:\Program Files\OpenSSL-Win64\bin;C:\Users\Shoaib Ur Rehman\AppData\Local\Programs\Python\Python311\Scripts\;C:\Users\Shoaib Ur Rehman\AppData\Local\Programs\Python\Python311\;C:\Users\Shoaib Ur Rehman\AppData\Local\Microsoft\WindowsApps;C:\Users\Shoaib Ur Rehman\AppData\Roaming\npm;C:\Users\Shoaib Ur Rehman\AppData\Local\Programs\Microsoft VS Code\bin;C:\Users\Shoaib Ur Rehman\AppData\Local\Yarn\bin;C:\Users\Shoaib Ur Rehman\AppData\Local\Android\Sdk\platform-tools;
USERNAME=Shoaib Ur Rehman
OS=Windows_NT
PROCESSOR_IDENTIFIER=Intel64 Family 6 Model 142 Stepping 10, GenuineIntel



---------------  S Y S T E M  ---------------

OS: Windows 10 , 64 bit Build 19041 (10.0.19041.3155)

CPU:total 8 (initial active 8) (4 cores per cpu, 2 threads per core) family 6 model 142 stepping 10 microcode 0xf0, cmov, cx8, fxsr, mmx, sse, sse2, sse3, ssse3, sse4.1, sse4.2, popcnt, avx, avx2, aes, clmul, erms, 3dnowpref, lzcnt, ht, tsc, tscinvbit, bmi1, bmi2, adx, fma

Memory: 4k page, system-wide physical 16278M (153M free)
TotalPageFile size 31528M (AvailPageFile size 1M)
current process WorkingSet (physical memory assigned to process): 230M, peak: 232M
current process commit charge ("private bytes"): 412M, peak: 415M

vm_info: Java HotSpot(TM) 64-Bit Server VM (11.0.18+9-LTS-195) for windows-amd64 JRE (11.0.18+9-LTS-195), built on Dec  6 2022 15:50:58 by "mach5one" with MS VC++ 17.1 (VS2022)

END.
